<?xml version="1.0" encoding="UTF-8"?>
<testng-results total="2" passed="2" failed="0" skipped="0">
  <reporter-output>
  </reporter-output>
  <suite started-at="2024-03-10T13:52:49Z" name="Default suite" finished-at="2024-03-10T13:53:00Z" duration-ms="11285">
    <groups>
    </groups>
    <test started-at="2024-03-10T13:52:49Z" name="Default test" finished-at="2024-03-10T13:53:00Z" duration-ms="11285">
      <class name="Day1.Project">
        <test-method is-config="true" signature="setUp()[pri:0, instance:Day1.Project@3daf7722]" started-at="2024-03-10T19:22:49Z" name="setUp" finished-at="2024-03-10T19:22:54Z" duration-ms="5586" status="PASS">
          <reporter-output>
          </reporter-output>
        </test-method> <!-- setUp -->
        <test-method signature="registerFunctionality()[pri:1, instance:Day1.Project@3daf7722]" started-at="2024-03-10T19:22:54Z" name="registerFunctionality" finished-at="2024-03-10T19:22:58Z" duration-ms="3643" status="PASS">
          <reporter-output>
          </reporter-output>
        </test-method> <!-- registerFunctionality -->
        <test-method signature="loginFunctionality()[pri:2, instance:Day1.Project@3daf7722]" started-at="2024-03-10T19:22:58Z" name="loginFunctionality" finished-at="2024-03-10T19:22:59Z" duration-ms="1361" status="PASS">
          <reporter-output>
          </reporter-output>
        </test-method> <!-- loginFunctionality -->
        <test-method is-config="true" signature="tearDown()[pri:0, instance:Day1.Project@3daf7722]" started-at="2024-03-10T19:22:59Z" name="tearDown" finished-at="2024-03-10T19:23:00Z" duration-ms="679" status="PASS">
          <reporter-output>
          </reporter-output>
        </test-method> <!-- tearDown -->
      </class> <!-- Day1.Project -->
    </test> <!-- Default test -->
  </suite> <!-- Default suite -->
</testng-results>
